# JRE version: OpenJDK Runtime Environment (21.0.5) (build 21.0.5+-12932927-b750.29)
# Java VM: OpenJDK 64-Bit Server VM (21.0.5+-12932927-b750.29, mixed mode, tiered, compressed oops, compressed class ptrs, g1 gc, windows-amd64)
GC Precious Log:
 CardTable entry size: 512
 Card Set container configuration: InlinePtr #cards 5 size 8 Array Of Cards #cards 12 size 40 Howl #buckets 4 coarsen threshold 1843 Howl Bitmap #cards 512 size 80 coarsen threshold 460 Card regions per heap region 1 cards per card region 2048
 CPUs: 8 total, 8 available
 Memory: 16151M
 Large Page Support: Disabled
 NUMA Support: Disabled
 Compressed Oops: Enabled (32-bit)
 Heap Region Size: 1M
 Heap Min Capacity: 8M
 Heap Initial Capacity: 254M
 Heap Max Capacity: 2G
 Pre-touch: Disabled
 Parallel Workers: 8
 Concurrent Workers: 2
 Concurrent Refinement Workers: 8
 Periodic GC: Disabled
Heap:
 garbage-first heap   total 182272K, used 124730K [0x0000000080000000, 0x0000000100000000)
  region size 1024K, 33 young (33792K), 5 survivors (5120K)
 Metaspace       used 106775K, committed 108864K, reserved 1179648K
  class space    used 14387K, committed 15424K, reserved 1048576K
GC Heap History (20 events):
Event: 9.128 GC heap before
{Heap before GC invocations=20 (full 0):
 garbage-first heap   total 151552K, used 127212K [0x0000000080000000, 0x0000000100000000)
  region size 1024K, 71 young (72704K), 8 survivors (8192K)
 Metaspace       used 78913K, committed 80704K, reserved 1179648K
  class space    used 10560K, committed 11456K, reserved 1048576K
}
Event: 9.136 GC heap after
{Heap after GC invocations=21 (full 0):
 garbage-first heap   total 151552K, used 66321K [0x0000000080000000, 0x0000000100000000)
  region size 1024K, 4 young (4096K), 4 survivors (4096K)
 Metaspace       used 78913K, committed 80704K, reserved 1179648K
  class space    used 10560K, committed 11456K, reserved 1048576K
}
Event: 9.143 GC heap before
{Heap before GC invocations=21 (full 0):
 garbage-first heap   total 151552K, used 68369K [0x0000000080000000, 0x0000000100000000)
  region size 1024K, 7 young (7168K), 4 survivors (4096K)
 Metaspace       used 78913K, committed 80704K, reserved 1179648K
  class space    used 10560K, committed 11456K, reserved 1048576K
}
Event: 9.147 GC heap after
{Heap after GC invocations=22 (full 0):
 garbage-first heap   total 151552K, used 68094K [0x0000000080000000, 0x0000000100000000)
  region size 1024K, 6 young (6144K), 6 survivors (6144K)
 Metaspace       used 78913K, committed 80704K, reserved 1179648K
  class space    used 10560K, committed 11456K, reserved 1048576K
}
Event: 9.698 GC heap before
{Heap before GC invocations=23 (full 0):
 garbage-first heap   total 151552K, used 117246K [0x0000000080000000, 0x0000000100000000)
  region size 1024K, 50 young (51200K), 6 survivors (6144K)
 Metaspace       used 81726K, committed 83584K, reserved 1179648K
  class space    used 10940K, committed 11904K, reserved 1048576K
}
Event: 9.704 GC heap after
{Heap after GC invocations=24 (full 0):
 garbage-first heap   total 151552K, used 70165K [0x0000000080000000, 0x0000000100000000)
  region size 1024K, 5 young (5120K), 5 survivors (5120K)
 Metaspace       used 81726K, committed 83584K, reserved 1179648K
  class space    used 10940K, committed 11904K, reserved 1048576K
}
Event: 10.254 GC heap before
{Heap before GC invocations=24 (full 0):
 garbage-first heap   total 151552K, used 117269K [0x0000000080000000, 0x0000000100000000)
  region size 1024K, 51 young (52224K), 5 survivors (5120K)
 Metaspace       used 84356K, committed 86272K, reserved 1179648K
  class space    used 11265K, committed 12224K, reserved 1048576K
}
Event: 10.262 GC heap after
{Heap after GC invocations=25 (full 0):
 garbage-first heap   total 151552K, used 73796K [0x0000000080000000, 0x0000000100000000)
  region size 1024K, 7 young (7168K), 7 survivors (7168K)
 Metaspace       used 84356K, committed 86272K, reserved 1179648K
  class space    used 11265K, committed 12224K, reserved 1048576K
}
Event: 10.685 GC heap before
{Heap before GC invocations=25 (full 0):
 garbage-first heap   total 151552K, used 121924K [0x0000000080000000, 0x0000000100000000)
  region size 1024K, 54 young (55296K), 7 survivors (7168K)
 Metaspace       used 88119K, committed 90048K, reserved 1179648K
  class space    used 11766K, committed 12736K, reserved 1048576K
}
Event: 10.694 GC heap after
{Heap after GC invocations=26 (full 0):
 garbage-first heap   total 182272K, used 76698K [0x0000000080000000, 0x0000000100000000)
  region size 1024K, 3 young (3072K), 3 survivors (3072K)
 Metaspace       used 88119K, committed 90048K, reserved 1179648K
  class space    used 11766K, committed 12736K, reserved 1048576K
}
Event: 11.321 GC heap before
{Heap before GC invocations=26 (full 0):
 garbage-first heap   total 182272K, used 146330K [0x0000000080000000, 0x0000000100000000)
  region size 1024K, 71 young (72704K), 3 survivors (3072K)
 Metaspace       used 93713K, committed 95680K, reserved 1179648K
  class space    used 12705K, committed 13696K, reserved 1048576K
}
Event: 11.327 GC heap after
{Heap after GC invocations=27 (full 0):
 garbage-first heap   total 182272K, used 78441K [0x0000000080000000, 0x0000000100000000)
  region size 1024K, 5 young (5120K), 5 survivors (5120K)
 Metaspace       used 93713K, committed 95680K, reserved 1179648K
  class space    used 12705K, committed 13696K, reserved 1048576K
}
Event: 12.329 GC heap before
{Heap before GC invocations=27 (full 0):
 garbage-first heap   total 182272K, used 153193K [0x0000000080000000, 0x0000000100000000)
  region size 1024K, 78 young (79872K), 5 survivors (5120K)
 Metaspace       used 100602K, committed 102656K, reserved 1179648K
  class space    used 13689K, committed 14720K, reserved 1048576K
}
Event: 12.338 GC heap after
{Heap after GC invocations=28 (full 0):
 garbage-first heap   total 182272K, used 82536K [0x0000000080000000, 0x0000000100000000)
  region size 1024K, 9 young (9216K), 9 survivors (9216K)
 Metaspace       used 100602K, committed 102656K, reserved 1179648K
  class space    used 13689K, committed 14720K, reserved 1048576K
}
Event: 13.439 GC heap before
{Heap before GC invocations=28 (full 0):
 garbage-first heap   total 182272K, used 160360K [0x0000000080000000, 0x0000000100000000)
  region size 1024K, 81 young (82944K), 9 survivors (9216K)
 Metaspace       used 106455K, committed 108480K, reserved 1179648K
  class space    used 14347K, committed 15360K, reserved 1048576K
}
Event: 13.453 GC heap after
{Heap after GC invocations=29 (full 0):
 garbage-first heap   total 182272K, used 90978K [0x0000000080000000, 0x0000000100000000)
  region size 1024K, 11 young (11264K), 11 survivors (11264K)
 Metaspace       used 106455K, committed 108480K, reserved 1179648K
  class space    used 14347K, committed 15360K, reserved 1048576K
}
Event: 13.686 GC heap before
{Heap before GC invocations=29 (full 0):
 garbage-first heap   total 182272K, used 156514K [0x0000000080000000, 0x0000000100000000)
  region size 1024K, 76 young (77824K), 11 survivors (11264K)
 Metaspace       used 106484K, committed 108544K, reserved 1179648K
  class space    used 14348K, committed 15360K, reserved 1048576K
}
Event: 13.695 GC heap after
{Heap after GC invocations=30 (full 0):
 garbage-first heap   total 182272K, used 96165K [0x0000000080000000, 0x0000000100000000)
  region size 1024K, 5 young (5120K), 5 survivors (5120K)
 Metaspace       used 106484K, committed 108544K, reserved 1179648K
  class space    used 14348K, committed 15360K, reserved 1048576K
}
Event: 13.926 GC heap before
{Heap before GC invocations=30 (full 0):
 garbage-first heap   total 182272K, used 135077K [0x0000000080000000, 0x0000000100000000)
  region size 1024K, 44 young (45056K), 5 survivors (5120K)
 Metaspace       used 106569K, committed 108736K, reserved 1179648K
  class space    used 14359K, committed 15424K, reserved 1048576K
}
Event: 13.930 GC heap after
{Heap after GC invocations=31 (full 0):
 garbage-first heap   total 182272K, used 96058K [0x0000000080000000, 0x0000000100000000)
  region size 1024K, 5 young (5120K), 5 survivors (5120K)
 Metaspace       used 106569K, committed 108736K, reserved 1179648K
  class space    used 14359K, committed 15424K, reserved 1048576K
}

