# JRE version: OpenJDK Runtime Environment (21.0.3) (build 21.0.3+-12282718-b509.11)
# Java VM: OpenJDK 64-Bit Server VM (21.0.3+-12282718-b509.11, mixed mode, tiered, compressed oops, compressed class ptrs, g1 gc, windows-amd64)
GC Precious Log:
 CardTable entry size: 512
 Card Set container configuration: InlinePtr #cards 5 size 8 Array Of Cards #cards 12 size 40 Howl #buckets 4 coarsen threshold 1843 Howl Bitmap #cards 512 size 80 coarsen threshold 460 Card regions per heap region 1 cards per card region 2048
 CPUs: 8 total, 8 available
 Memory: 16151M
 Large Page Support: Disabled
 NUMA Support: Disabled
 Compressed Oops: Enabled (32-bit)
 Heap Region Size: 1M
 Heap Min Capacity: 8M
 Heap Initial Capacity: 254M
 Heap Max Capacity: 2G
 Pre-touch: Disabled
 Parallel Workers: 8
 Concurrent Workers: 2
 Concurrent Refinement Workers: 8
 Periodic GC: Disabled
Heap:
 garbage-first heap   total 372736K, used 240336K [0x0000000080000000, 0x0000000100000000)
  region size 1024K, 96 young (98304K), 9 survivors (9216K)
 Metaspace       used 123367K, committed 125504K, reserved 1179648K
  class space    used 16211K, committed 17280K, reserved 1048576K
GC Heap History (20 events):
Event: 19.788 GC heap before
{Heap before GC invocations=34 (full 0):
 garbage-first heap   total 279552K, used 231281K [0x0000000080000000, 0x0000000100000000)
  region size 1024K, 87 young (89088K), 5 survivors (5120K)
 Metaspace       used 111424K, committed 113536K, reserved 1179648K
  class space    used 15101K, committed 16192K, reserved 1048576K
}
Event: 19.794 GC heap after
{Heap after GC invocations=35 (full 0):
 garbage-first heap   total 279552K, used 151922K [0x0000000080000000, 0x0000000100000000)
  region size 1024K, 8 young (8192K), 8 survivors (8192K)
 Metaspace       used 111424K, committed 113536K, reserved 1179648K
  class space    used 15101K, committed 16192K, reserved 1048576K
}
Event: 20.378 GC heap before
{Heap before GC invocations=35 (full 0):
 garbage-first heap   total 279552K, used 238962K [0x0000000080000000, 0x0000000100000000)
  region size 1024K, 93 young (95232K), 8 survivors (8192K)
 Metaspace       used 112204K, committed 114368K, reserved 1179648K
  class space    used 15195K, committed 16256K, reserved 1048576K
}
Event: 20.389 GC heap after
{Heap after GC invocations=36 (full 0):
 garbage-first heap   total 279552K, used 156035K [0x0000000080000000, 0x0000000100000000)
  region size 1024K, 11 young (11264K), 11 survivors (11264K)
 Metaspace       used 112204K, committed 114368K, reserved 1179648K
  class space    used 15195K, committed 16256K, reserved 1048576K
}
Event: 24.817 GC heap before
{Heap before GC invocations=36 (full 0):
 garbage-first heap   total 279552K, used 242051K [0x0000000080000000, 0x0000000100000000)
  region size 1024K, 96 young (98304K), 11 survivors (11264K)
 Metaspace       used 114254K, committed 116416K, reserved 1179648K
  class space    used 15430K, committed 16512K, reserved 1048576K
}
Event: 24.832 GC heap after
{Heap after GC invocations=37 (full 0):
 garbage-first heap   total 279552K, used 161320K [0x0000000080000000, 0x0000000100000000)
  region size 1024K, 12 young (12288K), 12 survivors (12288K)
 Metaspace       used 114254K, committed 116416K, reserved 1179648K
  class space    used 15430K, committed 16512K, reserved 1048576K
}
Event: 24.896 GC heap before
{Heap before GC invocations=37 (full 0):
 garbage-first heap   total 279552K, used 164392K [0x0000000080000000, 0x0000000100000000)
  region size 1024K, 17 young (17408K), 12 survivors (12288K)
 Metaspace       used 114562K, committed 116736K, reserved 1179648K
  class space    used 15475K, committed 16576K, reserved 1048576K
}
Event: 24.906 GC heap after
{Heap after GC invocations=38 (full 0):
 garbage-first heap   total 279552K, used 163123K [0x0000000080000000, 0x0000000100000000)
  region size 1024K, 2 young (2048K), 2 survivors (2048K)
 Metaspace       used 114562K, committed 116736K, reserved 1179648K
  class space    used 15475K, committed 16576K, reserved 1048576K
}
Event: 98.185 GC heap before
{Heap before GC invocations=39 (full 0):
 garbage-first heap   total 301056K, used 264499K [0x0000000080000000, 0x0000000100000000)
  region size 1024K, 89 young (91136K), 2 survivors (2048K)
 Metaspace       used 122007K, committed 124160K, reserved 1179648K
  class space    used 16204K, committed 17280K, reserved 1048576K
}
Event: 98.194 GC heap after
{Heap after GC invocations=40 (full 0):
 garbage-first heap   total 301056K, used 133440K [0x0000000080000000, 0x0000000100000000)
  region size 1024K, 5 young (5120K), 5 survivors (5120K)
 Metaspace       used 122007K, committed 124160K, reserved 1179648K
  class space    used 16204K, committed 17280K, reserved 1048576K
}
Event: 99.717 GC heap before
{Heap before GC invocations=40 (full 0):
 garbage-first heap   total 301056K, used 276800K [0x0000000080000000, 0x0000000100000000)
  region size 1024K, 140 young (143360K), 5 survivors (5120K)
 Metaspace       used 122477K, committed 124608K, reserved 1179648K
  class space    used 16205K, committed 17280K, reserved 1048576K
}
Event: 99.760 GC heap after
{Heap after GC invocations=41 (full 0):
 garbage-first heap   total 338944K, used 178176K [0x0000000080000000, 0x0000000100000000)
  region size 1024K, 18 young (18432K), 18 survivors (18432K)
 Metaspace       used 122477K, committed 124608K, reserved 1179648K
  class space    used 16205K, committed 17280K, reserved 1048576K
}
Event: 99.774 GC heap before
{Heap before GC invocations=41 (full 0):
 garbage-first heap   total 338944K, used 180224K [0x0000000080000000, 0x0000000100000000)
  region size 1024K, 21 young (21504K), 18 survivors (18432K)
 Metaspace       used 122477K, committed 124608K, reserved 1179648K
  class space    used 16205K, committed 17280K, reserved 1048576K
}
Event: 99.792 GC heap after
{Heap after GC invocations=42 (full 0):
 garbage-first heap   total 338944K, used 182492K [0x0000000080000000, 0x0000000100000000)
  region size 1024K, 2 young (2048K), 2 survivors (2048K)
 Metaspace       used 122477K, committed 124608K, reserved 1179648K
  class space    used 16205K, committed 17280K, reserved 1048576K
}
Event: 102.635 GC heap before
{Heap before GC invocations=43 (full 0):
 garbage-first heap   total 372736K, used 288988K [0x0000000080000000, 0x0000000100000000)
  region size 1024K, 77 young (78848K), 2 survivors (2048K)
 Metaspace       used 122671K, committed 124800K, reserved 1179648K
  class space    used 16205K, committed 17280K, reserved 1048576K
}
Event: 102.647 GC heap after
{Heap after GC invocations=44 (full 0):
 garbage-first heap   total 372736K, used 190976K [0x0000000080000000, 0x0000000100000000)
  region size 1024K, 10 young (10240K), 10 survivors (10240K)
 Metaspace       used 122671K, committed 124800K, reserved 1179648K
  class space    used 16205K, committed 17280K, reserved 1048576K
}
Event: 1562.867 GC heap before
{Heap before GC invocations=44 (full 0):
 garbage-first heap   total 372736K, used 333312K [0x0000000080000000, 0x0000000100000000)
  region size 1024K, 105 young (107520K), 10 survivors (10240K)
 Metaspace       used 123134K, committed 125248K, reserved 1179648K
  class space    used 16210K, committed 17280K, reserved 1048576K
}
Event: 1562.878 GC heap after
{Heap after GC invocations=45 (full 0):
 garbage-first heap   total 372736K, used 183639K [0x0000000080000000, 0x0000000100000000)
  region size 1024K, 5 young (5120K), 5 survivors (5120K)
 Metaspace       used 123134K, committed 125248K, reserved 1179648K
  class space    used 16210K, committed 17280K, reserved 1048576K
}
Event: 1563.527 GC heap before
{Heap before GC invocations=45 (full 0):
 garbage-first heap   total 372736K, used 212311K [0x0000000080000000, 0x0000000100000000)
  region size 1024K, 35 young (35840K), 5 survivors (5120K)
 Metaspace       used 123311K, committed 125504K, reserved 1179648K
  class space    used 16210K, committed 17280K, reserved 1048576K
}
Event: 1563.543 GC heap after
{Heap after GC invocations=46 (full 0):
 garbage-first heap   total 372736K, used 188112K [0x0000000080000000, 0x0000000100000000)
  region size 1024K, 9 young (9216K), 9 survivors (9216K)
 Metaspace       used 123311K, committed 125504K, reserved 1179648K
  class space    used 16210K, committed 17280K, reserved 1048576K
}

