# JRE version: OpenJDK Runtime Environment (21.0.5) (build 21.0.5+-12932927-b750.29)
# Java VM: OpenJDK 64-Bit Server VM (21.0.5+-12932927-b750.29, mixed mode, tiered, compressed oops, compressed class ptrs, g1 gc, windows-amd64)
GC Precious Log:
 CardTable entry size: 512
 Card Set container configuration: InlinePtr #cards 5 size 8 Array Of Cards #cards 12 size 40 Howl #buckets 4 coarsen threshold 1843 Howl Bitmap #cards 512 size 80 coarsen threshold 460 Card regions per heap region 1 cards per card region 2048
 CPUs: 8 total, 8 available
 Memory: 16151M
 Large Page Support: Disabled
 NUMA Support: Disabled
 Compressed Oops: Enabled (32-bit)
 Heap Region Size: 1M
 Heap Min Capacity: 8M
 Heap Initial Capacity: 254M
 Heap Max Capacity: 2G
 Pre-touch: Disabled
 Parallel Workers: 8
 Concurrent Workers: 2
 Concurrent Refinement Workers: 8
 Periodic GC: Disabled
Heap:
 garbage-first heap   total 370688K, used 266129K [0x0000000080000000, 0x0000000100000000)
  region size 1024K, 59 young (60416K), 7 survivors (7168K)
 Metaspace       used 157270K, committed 159744K, reserved 1245184K
  class space    used 20553K, committed 21824K, reserved 1048576K
GC Heap History (20 events):
Event: 240.096 GC heap before
{Heap before GC invocations=66 (full 0):
 garbage-first heap   total 343040K, used 278828K [0x0000000080000000, 0x0000000100000000)
  region size 1024K, 81 young (82944K), 8 survivors (8192K)
 Metaspace       used 142260K, committed 144640K, reserved 1179648K
  class space    used 18578K, committed 19776K, reserved 1048576K
}
Event: 240.106 GC heap after
{Heap after GC invocations=67 (full 0):
 garbage-first heap   total 343040K, used 209485K [0x0000000080000000, 0x0000000100000000)
  region size 1024K, 7 young (7168K), 7 survivors (7168K)
 Metaspace       used 142260K, committed 144640K, reserved 1179648K
  class space    used 18578K, committed 19776K, reserved 1048576K
}
Event: 241.284 GC heap before
{Heap before GC invocations=67 (full 0):
 garbage-first heap   total 343040K, used 315981K [0x0000000080000000, 0x0000000100000000)
  region size 1024K, 112 young (114688K), 7 survivors (7168K)
 Metaspace       used 149874K, committed 152256K, reserved 1245184K
  class space    used 19590K, committed 20800K, reserved 1048576K
}
Event: 241.298 GC heap after
{Heap after GC invocations=68 (full 0):
 garbage-first heap   total 343040K, used 215637K [0x0000000080000000, 0x0000000100000000)
  region size 1024K, 14 young (14336K), 14 survivors (14336K)
 Metaspace       used 149874K, committed 152256K, reserved 1245184K
  class space    used 19590K, committed 20800K, reserved 1048576K
}
Event: 242.963 GC heap before
{Heap before GC invocations=68 (full 0):
 garbage-first heap   total 343040K, used 309845K [0x0000000080000000, 0x0000000100000000)
  region size 1024K, 106 young (108544K), 14 survivors (14336K)
 Metaspace       used 155343K, committed 157824K, reserved 1245184K
  class space    used 20347K, committed 21632K, reserved 1048576K
}
Event: 242.978 GC heap after
{Heap after GC invocations=69 (full 0):
 garbage-first heap   total 343040K, used 221800K [0x0000000080000000, 0x0000000100000000)
  region size 1024K, 6 young (6144K), 6 survivors (6144K)
 Metaspace       used 155343K, committed 157824K, reserved 1245184K
  class space    used 20347K, committed 21632K, reserved 1048576K
}
Event: 244.266 GC heap before
{Heap before GC invocations=70 (full 0):
 garbage-first heap   total 370688K, used 317032K [0x0000000080000000, 0x0000000100000000)
  region size 1024K, 99 young (101376K), 6 survivors (6144K)
 Metaspace       used 155955K, committed 158400K, reserved 1245184K
  class space    used 20388K, committed 21632K, reserved 1048576K
}
Event: 244.274 GC heap after
{Heap after GC invocations=71 (full 0):
 garbage-first heap   total 370688K, used 222002K [0x0000000080000000, 0x0000000100000000)
  region size 1024K, 6 young (6144K), 6 survivors (6144K)
 Metaspace       used 155955K, committed 158400K, reserved 1245184K
  class space    used 20388K, committed 21632K, reserved 1048576K
}
Event: 245.206 GC heap before
{Heap before GC invocations=71 (full 0):
 garbage-first heap   total 370688K, used 344882K [0x0000000080000000, 0x0000000100000000)
  region size 1024K, 126 young (129024K), 6 survivors (6144K)
 Metaspace       used 156170K, committed 158656K, reserved 1245184K
  class space    used 20397K, committed 21632K, reserved 1048576K
}
Event: 245.215 GC heap after
{Heap after GC invocations=72 (full 0):
 garbage-first heap   total 370688K, used 218100K [0x0000000080000000, 0x0000000100000000)
  region size 1024K, 7 young (7168K), 7 survivors (7168K)
 Metaspace       used 156170K, committed 158656K, reserved 1245184K
  class space    used 20397K, committed 21632K, reserved 1048576K
}
Event: 246.004 GC heap before
{Heap before GC invocations=72 (full 0):
 garbage-first heap   total 370688K, used 343028K [0x0000000080000000, 0x0000000100000000)
  region size 1024K, 129 young (132096K), 7 survivors (7168K)
 Metaspace       used 156273K, committed 158720K, reserved 1245184K
  class space    used 20404K, committed 21632K, reserved 1048576K
}
Event: 246.011 GC heap after
{Heap after GC invocations=73 (full 0):
 garbage-first heap   total 370688K, used 218386K [0x0000000080000000, 0x0000000100000000)
  region size 1024K, 7 young (7168K), 7 survivors (7168K)
 Metaspace       used 156273K, committed 158720K, reserved 1245184K
  class space    used 20404K, committed 21632K, reserved 1048576K
}
Event: 246.938 GC heap before
{Heap before GC invocations=74 (full 0):
 garbage-first heap   total 370688K, used 343314K [0x0000000080000000, 0x0000000100000000)
  region size 1024K, 129 young (132096K), 7 survivors (7168K)
 Metaspace       used 156368K, committed 158848K, reserved 1245184K
  class space    used 20414K, committed 21696K, reserved 1048576K
}
Event: 246.947 GC heap after
{Heap after GC invocations=75 (full 0):
 garbage-first heap   total 370688K, used 219138K [0x0000000080000000, 0x0000000100000000)
  region size 1024K, 8 young (8192K), 8 survivors (8192K)
 Metaspace       used 156368K, committed 158848K, reserved 1245184K
  class space    used 20414K, committed 21696K, reserved 1048576K
}
Event: 248.639 GC heap before
{Heap before GC invocations=75 (full 0):
 garbage-first heap   total 370688K, used 342018K [0x0000000080000000, 0x0000000100000000)
  region size 1024K, 128 young (131072K), 8 survivors (8192K)
 Metaspace       used 156407K, committed 158912K, reserved 1245184K
  class space    used 20414K, committed 21696K, reserved 1048576K
}
Event: 248.673 GC heap after
{Heap after GC invocations=76 (full 0):
 garbage-first heap   total 370688K, used 213890K [0x0000000080000000, 0x0000000100000000)
  region size 1024K, 7 young (7168K), 7 survivors (7168K)
 Metaspace       used 156407K, committed 158912K, reserved 1245184K
  class space    used 20414K, committed 21696K, reserved 1048576K
}
Event: 251.682 GC heap before
{Heap before GC invocations=76 (full 0):
 garbage-first heap   total 370688K, used 342914K [0x0000000080000000, 0x0000000100000000)
  region size 1024K, 133 young (136192K), 7 survivors (7168K)
 Metaspace       used 156432K, committed 158912K, reserved 1245184K
  class space    used 20414K, committed 21696K, reserved 1048576K
}
Event: 251.705 GC heap after
{Heap after GC invocations=77 (full 0):
 garbage-first heap   total 370688K, used 214596K [0x0000000080000000, 0x0000000100000000)
  region size 1024K, 8 young (8192K), 8 survivors (8192K)
 Metaspace       used 156432K, committed 158912K, reserved 1245184K
  class space    used 20414K, committed 21696K, reserved 1048576K
}
Event: 255.334 GC heap before
{Heap before GC invocations=78 (full 0):
 garbage-first heap   total 370688K, used 341572K [0x0000000080000000, 0x0000000100000000)
  region size 1024K, 132 young (135168K), 8 survivors (8192K)
 Metaspace       used 156477K, committed 158976K, reserved 1245184K
  class space    used 20416K, committed 21696K, reserved 1048576K
}
Event: 255.371 GC heap after
{Heap after GC invocations=79 (full 0):
 garbage-first heap   total 370688K, used 213905K [0x0000000080000000, 0x0000000100000000)
  region size 1024K, 7 young (7168K), 7 survivors (7168K)
 Metaspace       used 156477K, committed 158976K, reserved 1245184K
  class space    used 20416K, committed 21696K, reserved 1048576K
}

